<?xml version="1.0" encoding="UTF-8"?>
<testsuite xmlns:xsi="http://www.w3.org/2001/XMLSchema-instance" xsi:noNamespaceSchemaLocation="https://maven.apache.org/surefire/maven-surefire-plugin/xsd/surefire-test-report.xsd" name="com.test.MS1.Ms1ApplicationTests" time="5.857" tests="1" errors="0" skipped="0" failures="0">
  <properties>
    <property name="gopherProxySet" value="false"/>
    <property name="awt.toolkit" value="sun.lwawt.macosx.LWCToolkit"/>
    <property name="file.encoding.pkg" value="sun.io"/>
    <property name="java.specification.version" value="1.8"/>
    <property name="sun.cpu.isalist" value=""/>
    <property name="sun.jnu.encoding" value="UTF-8"/>
    <property name="java.class.path" value="/Users/ritgirdh/Desktop/codebase/study/Microservices-SpringCloud/MS1/target/test-classes:/Users/ritgirdh/Desktop/codebase/study/Microservices-SpringCloud/MS1/target/classes:/Users/ritgirdh/.m2/repository/org/springframework/cloud/spring-cloud-starter-config/2.0.0.M9/spring-cloud-starter-config-2.0.0.M9.jar:/Users/ritgirdh/.m2/repository/org/springframework/cloud/spring-cloud-starter/2.0.0.M9/spring-cloud-starter-2.0.0.M9.jar:/Users/ritgirdh/.m2/repository/org/springframework/cloud/spring-cloud-context/2.0.0.M9/spring-cloud-context-2.0.0.M9.jar:/Users/ritgirdh/.m2/repository/org/springframework/security/spring-security-rsa/1.0.5.RELEASE/spring-security-rsa-1.0.5.RELEASE.jar:/Users/ritgirdh/.m2/repository/org/bouncycastle/bcpkix-jdk15on/1.56/bcpkix-jdk15on-1.56.jar:/Users/ritgirdh/.m2/repository/org/bouncycastle/bcprov-jdk15on/1.56/bcprov-jdk15on-1.56.jar:/Users/ritgirdh/.m2/repository/org/springframework/cloud/spring-cloud-config-client/2.0.0.M9/spring-cloud-config-client-2.0.0.M9.jar:/Users/ritgirdh/.m2/repository/org/springframework/boot/spring-boot-autoconfigure/2.0.0.RELEASE/spring-boot-autoconfigure-2.0.0.RELEASE.jar:/Users/ritgirdh/.m2/repository/com/fasterxml/jackson/core/jackson-annotations/2.9.0/jackson-annotations-2.9.0.jar:/Users/ritgirdh/.m2/repository/com/fasterxml/jackson/core/jackson-databind/2.9.3/jackson-databind-2.9.3.jar:/Users/ritgirdh/.m2/repository/com/fasterxml/jackson/core/jackson-core/2.9.3/jackson-core-2.9.3.jar:/Users/ritgirdh/.m2/repository/org/springframework/boot/spring-boot-starter-actuator/2.0.0.RELEASE/spring-boot-starter-actuator-2.0.0.RELEASE.jar:/Users/ritgirdh/.m2/repository/org/springframework/boot/spring-boot-starter/2.0.0.RELEASE/spring-boot-starter-2.0.0.RELEASE.jar:/Users/ritgirdh/.m2/repository/org/springframework/boot/spring-boot/2.0.0.RELEASE/spring-boot-2.0.0.RELEASE.jar:/Users/ritgirdh/.m2/repository/org/springframework/boot/spring-boot-starter-logging/2.0.0.RELEASE/spring-boot-starter-logging-2.0.0.RELEASE.jar:/Users/ritgirdh/.m2/repository/ch/qos/logback/logback-classic/1.2.3/logback-classic-1.2.3.jar:/Users/ritgirdh/.m2/repository/ch/qos/logback/logback-core/1.2.3/logback-core-1.2.3.jar:/Users/ritgirdh/.m2/repository/org/apache/logging/log4j/log4j-to-slf4j/2.10.0/log4j-to-slf4j-2.10.0.jar:/Users/ritgirdh/.m2/repository/org/apache/logging/log4j/log4j-api/2.10.0/log4j-api-2.10.0.jar:/Users/ritgirdh/.m2/repository/org/slf4j/jul-to-slf4j/1.7.25/jul-to-slf4j-1.7.25.jar:/Users/ritgirdh/.m2/repository/javax/annotation/javax.annotation-api/1.3.2/javax.annotation-api-1.3.2.jar:/Users/ritgirdh/.m2/repository/org/yaml/snakeyaml/1.19/snakeyaml-1.19.jar:/Users/ritgirdh/.m2/repository/org/springframework/boot/spring-boot-actuator-autoconfigure/2.0.0.RELEASE/spring-boot-actuator-autoconfigure-2.0.0.RELEASE.jar:/Users/ritgirdh/.m2/repository/org/springframework/boot/spring-boot-actuator/2.0.0.RELEASE/spring-boot-actuator-2.0.0.RELEASE.jar:/Users/ritgirdh/.m2/repository/org/springframework/spring-context/5.0.4.RELEASE/spring-context-5.0.4.RELEASE.jar:/Users/ritgirdh/.m2/repository/com/fasterxml/jackson/datatype/jackson-datatype-jsr310/2.9.3/jackson-datatype-jsr310-2.9.3.jar:/Users/ritgirdh/.m2/repository/io/micrometer/micrometer-core/1.0.1/micrometer-core-1.0.1.jar:/Users/ritgirdh/.m2/repository/org/hdrhistogram/HdrHistogram/2.1.10/HdrHistogram-2.1.10.jar:/Users/ritgirdh/.m2/repository/org/latencyutils/LatencyUtils/2.0.3/LatencyUtils-2.0.3.jar:/Users/ritgirdh/.m2/repository/org/springframework/boot/spring-boot-starter-web/2.0.0.RELEASE/spring-boot-starter-web-2.0.0.RELEASE.jar:/Users/ritgirdh/.m2/repository/org/springframework/boot/spring-boot-starter-json/2.0.0.RELEASE/spring-boot-starter-json-2.0.0.RELEASE.jar:/Users/ritgirdh/.m2/repository/com/fasterxml/jackson/datatype/jackson-datatype-jdk8/2.9.3/jackson-datatype-jdk8-2.9.3.jar:/Users/ritgirdh/.m2/repository/com/fasterxml/jackson/module/jackson-module-parameter-names/2.9.3/jackson-module-parameter-names-2.9.3.jar:/Users/ritgirdh/.m2/repository/org/springframework/boot/spring-boot-starter-tomcat/2.0.0.RELEASE/spring-boot-starter-tomcat-2.0.0.RELEASE.jar:/Users/ritgirdh/.m2/repository/org/apache/tomcat/embed/tomcat-embed-core/8.5.28/tomcat-embed-core-8.5.28.jar:/Users/ritgirdh/.m2/repository/org/apache/tomcat/embed/tomcat-embed-el/8.5.28/tomcat-embed-el-8.5.28.jar:/Users/ritgirdh/.m2/repository/org/apache/tomcat/embed/tomcat-embed-websocket/8.5.28/tomcat-embed-websocket-8.5.28.jar:/Users/ritgirdh/.m2/repository/org/hibernate/validator/hibernate-validator/6.0.7.Final/hibernate-validator-6.0.7.Final.jar:/Users/ritgirdh/.m2/repository/javax/validation/validation-api/2.0.1.Final/validation-api-2.0.1.Final.jar:/Users/ritgirdh/.m2/repository/org/jboss/logging/jboss-logging/3.3.2.Final/jboss-logging-3.3.2.Final.jar:/Users/ritgirdh/.m2/repository/com/fasterxml/classmate/1.3.4/classmate-1.3.4.jar:/Users/ritgirdh/.m2/repository/org/springframework/spring-web/5.0.4.RELEASE/spring-web-5.0.4.RELEASE.jar:/Users/ritgirdh/.m2/repository/org/springframework/spring-beans/5.0.4.RELEASE/spring-beans-5.0.4.RELEASE.jar:/Users/ritgirdh/.m2/repository/org/springframework/spring-webmvc/5.0.4.RELEASE/spring-webmvc-5.0.4.RELEASE.jar:/Users/ritgirdh/.m2/repository/org/springframework/spring-aop/5.0.4.RELEASE/spring-aop-5.0.4.RELEASE.jar:/Users/ritgirdh/.m2/repository/org/springframework/spring-expression/5.0.4.RELEASE/spring-expression-5.0.4.RELEASE.jar:/Users/ritgirdh/.m2/repository/org/springframework/boot/spring-boot-starter-test/2.0.0.RELEASE/spring-boot-starter-test-2.0.0.RELEASE.jar:/Users/ritgirdh/.m2/repository/org/springframework/boot/spring-boot-test/2.0.0.RELEASE/spring-boot-test-2.0.0.RELEASE.jar:/Users/ritgirdh/.m2/repository/org/springframework/boot/spring-boot-test-autoconfigure/2.0.0.RELEASE/spring-boot-test-autoconfigure-2.0.0.RELEASE.jar:/Users/ritgirdh/.m2/repository/com/jayway/jsonpath/json-path/2.4.0/json-path-2.4.0.jar:/Users/ritgirdh/.m2/repository/net/minidev/json-smart/2.3/json-smart-2.3.jar:/Users/ritgirdh/.m2/repository/net/minidev/accessors-smart/1.2/accessors-smart-1.2.jar:/Users/ritgirdh/.m2/repository/org/slf4j/slf4j-api/1.7.25/slf4j-api-1.7.25.jar:/Users/ritgirdh/.m2/repository/junit/junit/4.12/junit-4.12.jar:/Users/ritgirdh/.m2/repository/org/assertj/assertj-core/3.9.1/assertj-core-3.9.1.jar:/Users/ritgirdh/.m2/repository/org/mockito/mockito-core/2.15.0/mockito-core-2.15.0.jar:/Users/ritgirdh/.m2/repository/net/bytebuddy/byte-buddy/1.7.10/byte-buddy-1.7.10.jar:/Users/ritgirdh/.m2/repository/net/bytebuddy/byte-buddy-agent/1.7.10/byte-buddy-agent-1.7.10.jar:/Users/ritgirdh/.m2/repository/org/objenesis/objenesis/2.6/objenesis-2.6.jar:/Users/ritgirdh/.m2/repository/org/hamcrest/hamcrest-core/1.3/hamcrest-core-1.3.jar:/Users/ritgirdh/.m2/repository/org/hamcrest/hamcrest-library/1.3/hamcrest-library-1.3.jar:/Users/ritgirdh/.m2/repository/org/skyscreamer/jsonassert/1.5.0/jsonassert-1.5.0.jar:/Users/ritgirdh/.m2/repository/com/vaadin/external/google/android-json/0.0.20131108.vaadin1/android-json-0.0.20131108.vaadin1.jar:/Users/ritgirdh/.m2/repository/org/springframework/spring-core/5.0.4.RELEASE/spring-core-5.0.4.RELEASE.jar:/Users/ritgirdh/.m2/repository/org/springframework/spring-jcl/5.0.4.RELEASE/spring-jcl-5.0.4.RELEASE.jar:/Users/ritgirdh/.m2/repository/org/springframework/spring-test/5.0.4.RELEASE/spring-test-5.0.4.RELEASE.jar:/Users/ritgirdh/.m2/repository/org/xmlunit/xmlunit-core/2.5.1/xmlunit-core-2.5.1.jar:/Users/ritgirdh/.m2/repository/org/springframework/cloud/spring-cloud-starter-netflix-eureka-client/2.0.0.M8/spring-cloud-starter-netflix-eureka-client-2.0.0.M8.jar:/Users/ritgirdh/.m2/repository/org/springframework/cloud/spring-cloud-netflix-core/2.0.0.M8/spring-cloud-netflix-core-2.0.0.M8.jar:/Users/ritgirdh/.m2/repository/org/springframework/cloud/spring-cloud-netflix-eureka-client/2.0.0.M8/spring-cloud-netflix-eureka-client-2.0.0.M8.jar:/Users/ritgirdh/.m2/repository/com/netflix/eureka/eureka-client/1.8.7/eureka-client-1.8.7.jar:/Users/ritgirdh/.m2/repository/org/codehaus/jettison/jettison/1.3.7/jettison-1.3.7.jar:/Users/ritgirdh/.m2/repository/stax/stax-api/1.0.1/stax-api-1.0.1.jar:/Users/ritgirdh/.m2/repository/com/netflix/netflix-commons/netflix-eventbus/0.3.0/netflix-eventbus-0.3.0.jar:/Users/ritgirdh/.m2/repository/com/netflix/netflix-commons/netflix-infix/0.3.0/netflix-infix-0.3.0.jar:/Users/ritgirdh/.m2/repository/commons-jxpath/commons-jxpath/1.3/commons-jxpath-1.3.jar:/Users/ritgirdh/.m2/repository/joda-time/joda-time/2.9.9/joda-time-2.9.9.jar:/Users/ritgirdh/.m2/repository/org/antlr/antlr-runtime/3.4/antlr-runtime-3.4.jar:/Users/ritgirdh/.m2/repository/org/antlr/stringtemplate/3.2.1/stringtemplate-3.2.1.jar:/Users/ritgirdh/.m2/repository/antlr/antlr/2.7.7/antlr-2.7.7.jar:/Users/ritgirdh/.m2/repository/com/google/code/gson/gson/2.8.2/gson-2.8.2.jar:/Users/ritgirdh/.m2/repository/org/apache/commons/commons-math/2.2/commons-math-2.2.jar:/Users/ritgirdh/.m2/repository/com/netflix/archaius/archaius-core/0.7.5/archaius-core-0.7.5.jar:/Users/ritgirdh/.m2/repository/javax/ws/rs/jsr311-api/1.1.1/jsr311-api-1.1.1.jar:/Users/ritgirdh/.m2/repository/com/netflix/servo/servo-core/0.10.1/servo-core-0.10.1.jar:/Users/ritgirdh/.m2/repository/com/netflix/servo/servo-internal/0.10.1/servo-internal-0.10.1.jar:/Users/ritgirdh/.m2/repository/com/sun/jersey/jersey-core/1.19.1/jersey-core-1.19.1.jar:/Users/ritgirdh/.m2/repository/com/sun/jersey/jersey-client/1.19.1/jersey-client-1.19.1.jar:/Users/ritgirdh/.m2/repository/com/sun/jersey/contribs/jersey-apache-client4/1.19.1/jersey-apache-client4-1.19.1.jar:/Users/ritgirdh/.m2/repository/org/apache/httpcomponents/httpclient/4.5.5/httpclient-4.5.5.jar:/Users/ritgirdh/.m2/repository/org/apache/httpcomponents/httpcore/4.4.9/httpcore-4.4.9.jar:/Users/ritgirdh/.m2/repository/commons-codec/commons-codec/1.11/commons-codec-1.11.jar:/Users/ritgirdh/.m2/repository/com/google/inject/guice/4.1.0/guice-4.1.0.jar:/Users/ritgirdh/.m2/repository/aopalliance/aopalliance/1.0/aopalliance-1.0.jar:/Users/ritgirdh/.m2/repository/com/github/vlsi/compactmap/compactmap/1.2.1/compactmap-1.2.1.jar:/Users/ritgirdh/.m2/repository/com/github/andrewoma/dexx/dexx-collections/0.2/dexx-collections-0.2.jar:/Users/ritgirdh/.m2/repository/com/netflix/eureka/eureka-core/1.8.7/eureka-core-1.8.7.jar:/Users/ritgirdh/.m2/repository/org/codehaus/woodstox/woodstox-core-asl/4.4.1/woodstox-core-asl-4.4.1.jar:/Users/ritgirdh/.m2/repository/javax/xml/stream/stax-api/1.0-2/stax-api-1.0-2.jar:/Users/ritgirdh/.m2/repository/org/codehaus/woodstox/stax2-api/3.1.4/stax2-api-3.1.4.jar:/Users/ritgirdh/.m2/repository/org/springframework/cloud/spring-cloud-starter-netflix-archaius/2.0.0.M8/spring-cloud-starter-netflix-archaius-2.0.0.M8.jar:/Users/ritgirdh/.m2/repository/org/springframework/cloud/spring-cloud-netflix-archaius/2.0.0.M8/spring-cloud-netflix-archaius-2.0.0.M8.jar:/Users/ritgirdh/.m2/repository/commons-configuration/commons-configuration/1.8/commons-configuration-1.8.jar:/Users/ritgirdh/.m2/repository/com/google/guava/guava/18.0/guava-18.0.jar:/Users/ritgirdh/.m2/repository/com/netflix/ribbon/ribbon-eureka/2.2.5/ribbon-eureka-2.2.5.jar:/Users/ritgirdh/.m2/repository/com/thoughtworks/xstream/xstream/1.4.10/xstream-1.4.10.jar:/Users/ritgirdh/.m2/repository/xmlpull/xmlpull/1.1.3.1/xmlpull-1.1.3.1.jar:/Users/ritgirdh/.m2/repository/xpp3/xpp3_min/1.1.4c/xpp3_min-1.1.4c.jar:/Users/ritgirdh/.m2/repository/org/springframework/cloud/spring-cloud-starter-netflix-ribbon/2.0.0.M8/spring-cloud-starter-netflix-ribbon-2.0.0.M8.jar:/Users/ritgirdh/.m2/repository/org/springframework/cloud/spring-cloud-netflix-ribbon/2.0.0.M8/spring-cloud-netflix-ribbon-2.0.0.M8.jar:/Users/ritgirdh/.m2/repository/com/netflix/ribbon/ribbon/2.2.5/ribbon-2.2.5.jar:/Users/ritgirdh/.m2/repository/com/netflix/ribbon/ribbon-transport/2.2.5/ribbon-transport-2.2.5.jar:/Users/ritgirdh/.m2/repository/io/reactivex/rxnetty-contexts/0.4.9/rxnetty-contexts-0.4.9.jar:/Users/ritgirdh/.m2/repository/io/reactivex/rxnetty-servo/0.4.9/rxnetty-servo-0.4.9.jar:/Users/ritgirdh/.m2/repository/javax/inject/javax.inject/1/javax.inject-1.jar:/Users/ritgirdh/.m2/repository/io/reactivex/rxnetty/0.4.9/rxnetty-0.4.9.jar:/Users/ritgirdh/.m2/repository/io/netty/netty-codec-http/4.1.22.Final/netty-codec-http-4.1.22.Final.jar:/Users/ritgirdh/.m2/repository/io/netty/netty-codec/4.1.22.Final/netty-codec-4.1.22.Final.jar:/Users/ritgirdh/.m2/repository/io/netty/netty-transport-native-epoll/4.1.22.Final/netty-transport-native-epoll-4.1.22.Final.jar:/Users/ritgirdh/.m2/repository/io/netty/netty-common/4.1.22.Final/netty-common-4.1.22.Final.jar:/Users/ritgirdh/.m2/repository/io/netty/netty-buffer/4.1.22.Final/netty-buffer-4.1.22.Final.jar:/Users/ritgirdh/.m2/repository/io/netty/netty-transport-native-unix-common/4.1.22.Final/netty-transport-native-unix-common-4.1.22.Final.jar:/Users/ritgirdh/.m2/repository/io/netty/netty-transport/4.1.22.Final/netty-transport-4.1.22.Final.jar:/Users/ritgirdh/.m2/repository/io/netty/netty-resolver/4.1.22.Final/netty-resolver-4.1.22.Final.jar:/Users/ritgirdh/.m2/repository/com/netflix/ribbon/ribbon-core/2.2.5/ribbon-core-2.2.5.jar:/Users/ritgirdh/.m2/repository/commons-lang/commons-lang/2.6/commons-lang-2.6.jar:/Users/ritgirdh/.m2/repository/com/netflix/ribbon/ribbon-httpclient/2.2.5/ribbon-httpclient-2.2.5.jar:/Users/ritgirdh/.m2/repository/commons-collections/commons-collections/3.2.2/commons-collections-3.2.2.jar:/Users/ritgirdh/.m2/repository/com/netflix/netflix-commons/netflix-commons-util/0.1.1/netflix-commons-util-0.1.1.jar:/Users/ritgirdh/.m2/repository/com/netflix/ribbon/ribbon-loadbalancer/2.2.5/ribbon-loadbalancer-2.2.5.jar:/Users/ritgirdh/.m2/repository/com/netflix/netflix-commons/netflix-statistics/0.1.1/netflix-statistics-0.1.1.jar:/Users/ritgirdh/.m2/repository/io/reactivex/rxjava/1.3.6/rxjava-1.3.6.jar:/Users/ritgirdh/.m2/repository/org/springframework/cloud/spring-cloud-starter-netflix-zuul/2.0.0.M8/spring-cloud-starter-netflix-zuul-2.0.0.M8.jar:/Users/ritgirdh/.m2/repository/org/springframework/cloud/spring-cloud-netflix-zuul/2.0.0.M8/spring-cloud-netflix-zuul-2.0.0.M8.jar:/Users/ritgirdh/.m2/repository/com/netflix/zuul/zuul-core/1.3.1/zuul-core-1.3.1.jar:/Users/ritgirdh/.m2/repository/commons-io/commons-io/2.4/commons-io-2.4.jar:/Users/ritgirdh/.m2/repository/org/springframework/cloud/spring-cloud-starter-openfeign/2.0.0.M2/spring-cloud-starter-openfeign-2.0.0.M2.jar:/Users/ritgirdh/.m2/repository/org/springframework/cloud/spring-cloud-openfeign-core/2.0.0.M2/spring-cloud-openfeign-core-2.0.0.M2.jar:/Users/ritgirdh/.m2/repository/org/springframework/cloud/spring-cloud-commons/2.0.0.M9/spring-cloud-commons-2.0.0.M9.jar:/Users/ritgirdh/.m2/repository/org/springframework/security/spring-security-crypto/5.0.3.RELEASE/spring-security-crypto-5.0.3.RELEASE.jar:/Users/ritgirdh/.m2/repository/io/github/openfeign/feign-core/9.5.1/feign-core-9.5.1.jar:/Users/ritgirdh/.m2/repository/io/github/openfeign/feign-slf4j/9.5.1/feign-slf4j-9.5.1.jar:/Users/ritgirdh/.m2/repository/io/github/openfeign/feign-hystrix/9.5.1/feign-hystrix-9.5.1.jar:/Users/ritgirdh/.m2/repository/io/github/openfeign/feign-java8/9.5.1/feign-java8-9.5.1.jar:/Users/ritgirdh/.m2/repository/org/springframework/cloud/spring-cloud-starter-zipkin/2.0.0.M9/spring-cloud-starter-zipkin-2.0.0.M9.jar:/Users/ritgirdh/.m2/repository/org/springframework/cloud/spring-cloud-starter-sleuth/2.0.0.M9/spring-cloud-starter-sleuth-2.0.0.M9.jar:/Users/ritgirdh/.m2/repository/org/springframework/boot/spring-boot-starter-aop/2.0.0.RELEASE/spring-boot-starter-aop-2.0.0.RELEASE.jar:/Users/ritgirdh/.m2/repository/org/aspectj/aspectjweaver/1.8.13/aspectjweaver-1.8.13.jar:/Users/ritgirdh/.m2/repository/org/springframework/cloud/spring-cloud-sleuth-core/2.0.0.M9/spring-cloud-sleuth-core-2.0.0.M9.jar:/Users/ritgirdh/.m2/repository/org/aspectj/aspectjrt/1.8.13/aspectjrt-1.8.13.jar:/Users/ritgirdh/.m2/repository/io/zipkin/brave/brave/4.18.2/brave-4.18.2.jar:/Users/ritgirdh/.m2/repository/io/zipkin/brave/brave-context-log4j2/4.18.2/brave-context-log4j2-4.18.2.jar:/Users/ritgirdh/.m2/repository/io/zipkin/brave/brave-instrumentation-spring-web/4.18.2/brave-instrumentation-spring-web-4.18.2.jar:/Users/ritgirdh/.m2/repository/io/zipkin/brave/brave-instrumentation-http/4.18.2/brave-instrumentation-http-4.18.2.jar:/Users/ritgirdh/.m2/repository/io/zipkin/brave/brave-instrumentation-spring-rabbit/4.18.2/brave-instrumentation-spring-rabbit-4.18.2.jar:/Users/ritgirdh/.m2/repository/io/zipkin/brave/brave-instrumentation-kafka-clients/4.18.2/brave-instrumentation-kafka-clients-4.18.2.jar:/Users/ritgirdh/.m2/repository/io/zipkin/brave/brave-instrumentation-httpclient/4.18.2/brave-instrumentation-httpclient-4.18.2.jar:/Users/ritgirdh/.m2/repository/io/zipkin/brave/brave-instrumentation-httpasyncclient/4.18.2/brave-instrumentation-httpasyncclient-4.18.2.jar:/Users/ritgirdh/.m2/repository/io/zipkin/brave/brave-instrumentation-spring-webmvc/4.18.2/brave-instrumentation-spring-webmvc-4.18.2.jar:/Users/ritgirdh/.m2/repository/io/zipkin/brave/brave-instrumentation-servlet/4.18.2/brave-instrumentation-servlet-4.18.2.jar:/Users/ritgirdh/.m2/repository/org/springframework/cloud/spring-cloud-sleuth-zipkin/2.0.0.M9/spring-cloud-sleuth-zipkin-2.0.0.M9.jar:/Users/ritgirdh/.m2/repository/io/zipkin/zipkin2/zipkin/2.6.1/zipkin-2.6.1.jar:/Users/ritgirdh/.m2/repository/io/zipkin/reporter2/zipkin-reporter/2.5.0/zipkin-reporter-2.5.0.jar:/Users/ritgirdh/.m2/repository/io/zipkin/reporter2/zipkin-sender-kafka11/2.5.0/zipkin-sender-kafka11-2.5.0.jar:/Users/ritgirdh/.m2/repository/io/zipkin/reporter2/zipkin-sender-amqp-client/2.5.0/zipkin-sender-amqp-client-2.5.0.jar:/Users/ritgirdh/.m2/repository/org/projectlombok/lombok/1.16.20/lombok-1.16.20.jar:/Users/ritgirdh/.m2/repository/org/springframework/cloud/spring-cloud-starter-netflix-turbine/2.0.0.M8/spring-cloud-starter-netflix-turbine-2.0.0.M8.jar:/Users/ritgirdh/.m2/repository/org/springframework/cloud/spring-cloud-netflix-turbine/2.0.0.M8/spring-cloud-netflix-turbine-2.0.0.M8.jar:/Users/ritgirdh/.m2/repository/com/netflix/turbine/turbine-core/1.0.0/turbine-core-1.0.0.jar:/Users/ritgirdh/.m2/repository/org/codehaus/jackson/jackson-mapper-asl/1.9.2/jackson-mapper-asl-1.9.2.jar:/Users/ritgirdh/.m2/repository/org/codehaus/jackson/jackson-core-asl/1.9.2/jackson-core-asl-1.9.2.jar:/Users/ritgirdh/.m2/repository/org/springframework/cloud/spring-cloud-starter-netflix-hystrix/2.0.0.M8/spring-cloud-starter-netflix-hystrix-2.0.0.M8.jar:/Users/ritgirdh/.m2/repository/com/netflix/hystrix/hystrix-core/1.5.12/hystrix-core-1.5.12.jar:/Users/ritgirdh/.m2/repository/com/netflix/hystrix/hystrix-serialization/1.5.12/hystrix-serialization-1.5.12.jar:/Users/ritgirdh/.m2/repository/com/fasterxml/jackson/module/jackson-module-afterburner/2.9.3/jackson-module-afterburner-2.9.3.jar:/Users/ritgirdh/.m2/repository/com/netflix/hystrix/hystrix-metrics-event-stream/1.5.12/hystrix-metrics-event-stream-1.5.12.jar:/Users/ritgirdh/.m2/repository/com/netflix/hystrix/hystrix-javanica/1.5.12/hystrix-javanica-1.5.12.jar:/Users/ritgirdh/.m2/repository/org/apache/commons/commons-lang3/3.7/commons-lang3-3.7.jar:/Users/ritgirdh/.m2/repository/org/ow2/asm/asm/5.0.4/asm-5.0.4.jar:/Users/ritgirdh/.m2/repository/io/reactivex/rxjava-reactive-streams/1.2.1/rxjava-reactive-streams-1.2.1.jar:/Users/ritgirdh/.m2/repository/org/reactivestreams/reactive-streams/1.0.2/reactive-streams-1.0.2.jar:"/>
    <property name="java.vm.vendor" value="Amazon.com Inc."/>
    <property name="sun.arch.data.model" value="64"/>
    <property name="java.vendor.url" value="https://aws.amazon.com/corretto/"/>
    <property name="user.timezone" value=""/>
    <property name="java.vm.specification.version" value="1.8"/>
    <property name="os.name" value="Mac OS X"/>
    <property name="user.country" value="IN"/>
    <property name="sun.java.launcher" value="SUN_STANDARD"/>
    <property name="sun.boot.library.path" value="/Users/ritgirdh/.sdkman/candidates/java/8.0.202-amzn/jre/lib"/>
    <property name="sun.java.command" value="/Users/ritgirdh/Desktop/codebase/study/Microservices-SpringCloud/MS1/target/surefire/surefirebooter8134473131755089042.jar /Users/ritgirdh/Desktop/codebase/study/Microservices-SpringCloud/MS1/target/surefire 2019-08-30T15-03-26_485-jvmRun1 surefire4273637175454956841tmp surefire_04382177468889427083tmp"/>
    <property name="surefire.test.class.path" value="/Users/ritgirdh/Desktop/codebase/study/Microservices-SpringCloud/MS1/target/test-classes:/Users/ritgirdh/Desktop/codebase/study/Microservices-SpringCloud/MS1/target/classes:/Users/ritgirdh/.m2/repository/org/springframework/cloud/spring-cloud-starter-config/2.0.0.M9/spring-cloud-starter-config-2.0.0.M9.jar:/Users/ritgirdh/.m2/repository/org/springframework/cloud/spring-cloud-starter/2.0.0.M9/spring-cloud-starter-2.0.0.M9.jar:/Users/ritgirdh/.m2/repository/org/springframework/cloud/spring-cloud-context/2.0.0.M9/spring-cloud-context-2.0.0.M9.jar:/Users/ritgirdh/.m2/repository/org/springframework/security/spring-security-rsa/1.0.5.RELEASE/spring-security-rsa-1.0.5.RELEASE.jar:/Users/ritgirdh/.m2/repository/org/bouncycastle/bcpkix-jdk15on/1.56/bcpkix-jdk15on-1.56.jar:/Users/ritgirdh/.m2/repository/org/bouncycastle/bcprov-jdk15on/1.56/bcprov-jdk15on-1.56.jar:/Users/ritgirdh/.m2/repository/org/springframework/cloud/spring-cloud-config-client/2.0.0.M9/spring-cloud-config-client-2.0.0.M9.jar:/Users/ritgirdh/.m2/repository/org/springframework/boot/spring-boot-autoconfigure/2.0.0.RELEASE/spring-boot-autoconfigure-2.0.0.RELEASE.jar:/Users/ritgirdh/.m2/repository/com/fasterxml/jackson/core/jackson-annotations/2.9.0/jackson-annotations-2.9.0.jar:/Users/ritgirdh/.m2/repository/com/fasterxml/jackson/core/jackson-databind/2.9.3/jackson-databind-2.9.3.jar:/Users/ritgirdh/.m2/repository/com/fasterxml/jackson/core/jackson-core/2.9.3/jackson-core-2.9.3.jar:/Users/ritgirdh/.m2/repository/org/springframework/boot/spring-boot-starter-actuator/2.0.0.RELEASE/spring-boot-starter-actuator-2.0.0.RELEASE.jar:/Users/ritgirdh/.m2/repository/org/springframework/boot/spring-boot-starter/2.0.0.RELEASE/spring-boot-starter-2.0.0.RELEASE.jar:/Users/ritgirdh/.m2/repository/org/springframework/boot/spring-boot/2.0.0.RELEASE/spring-boot-2.0.0.RELEASE.jar:/Users/ritgirdh/.m2/repository/org/springframework/boot/spring-boot-starter-logging/2.0.0.RELEASE/spring-boot-starter-logging-2.0.0.RELEASE.jar:/Users/ritgirdh/.m2/repository/ch/qos/logback/logback-classic/1.2.3/logback-classic-1.2.3.jar:/Users/ritgirdh/.m2/repository/ch/qos/logback/logback-core/1.2.3/logback-core-1.2.3.jar:/Users/ritgirdh/.m2/repository/org/apache/logging/log4j/log4j-to-slf4j/2.10.0/log4j-to-slf4j-2.10.0.jar:/Users/ritgirdh/.m2/repository/org/apache/logging/log4j/log4j-api/2.10.0/log4j-api-2.10.0.jar:/Users/ritgirdh/.m2/repository/org/slf4j/jul-to-slf4j/1.7.25/jul-to-slf4j-1.7.25.jar:/Users/ritgirdh/.m2/repository/javax/annotation/javax.annotation-api/1.3.2/javax.annotation-api-1.3.2.jar:/Users/ritgirdh/.m2/repository/org/yaml/snakeyaml/1.19/snakeyaml-1.19.jar:/Users/ritgirdh/.m2/repository/org/springframework/boot/spring-boot-actuator-autoconfigure/2.0.0.RELEASE/spring-boot-actuator-autoconfigure-2.0.0.RELEASE.jar:/Users/ritgirdh/.m2/repository/org/springframework/boot/spring-boot-actuator/2.0.0.RELEASE/spring-boot-actuator-2.0.0.RELEASE.jar:/Users/ritgirdh/.m2/repository/org/springframework/spring-context/5.0.4.RELEASE/spring-context-5.0.4.RELEASE.jar:/Users/ritgirdh/.m2/repository/com/fasterxml/jackson/datatype/jackson-datatype-jsr310/2.9.3/jackson-datatype-jsr310-2.9.3.jar:/Users/ritgirdh/.m2/repository/io/micrometer/micrometer-core/1.0.1/micrometer-core-1.0.1.jar:/Users/ritgirdh/.m2/repository/org/hdrhistogram/HdrHistogram/2.1.10/HdrHistogram-2.1.10.jar:/Users/ritgirdh/.m2/repository/org/latencyutils/LatencyUtils/2.0.3/LatencyUtils-2.0.3.jar:/Users/ritgirdh/.m2/repository/org/springframework/boot/spring-boot-starter-web/2.0.0.RELEASE/spring-boot-starter-web-2.0.0.RELEASE.jar:/Users/ritgirdh/.m2/repository/org/springframework/boot/spring-boot-starter-json/2.0.0.RELEASE/spring-boot-starter-json-2.0.0.RELEASE.jar:/Users/ritgirdh/.m2/repository/com/fasterxml/jackson/datatype/jackson-datatype-jdk8/2.9.3/jackson-datatype-jdk8-2.9.3.jar:/Users/ritgirdh/.m2/repository/com/fasterxml/jackson/module/jackson-module-parameter-names/2.9.3/jackson-module-parameter-names-2.9.3.jar:/Users/ritgirdh/.m2/repository/org/springframework/boot/spring-boot-starter-tomcat/2.0.0.RELEASE/spring-boot-starter-tomcat-2.0.0.RELEASE.jar:/Users/ritgirdh/.m2/repository/org/apache/tomcat/embed/tomcat-embed-core/8.5.28/tomcat-embed-core-8.5.28.jar:/Users/ritgirdh/.m2/repository/org/apache/tomcat/embed/tomcat-embed-el/8.5.28/tomcat-embed-el-8.5.28.jar:/Users/ritgirdh/.m2/repository/org/apache/tomcat/embed/tomcat-embed-websocket/8.5.28/tomcat-embed-websocket-8.5.28.jar:/Users/ritgirdh/.m2/repository/org/hibernate/validator/hibernate-validator/6.0.7.Final/hibernate-validator-6.0.7.Final.jar:/Users/ritgirdh/.m2/repository/javax/validation/validation-api/2.0.1.Final/validation-api-2.0.1.Final.jar:/Users/ritgirdh/.m2/repository/org/jboss/logging/jboss-logging/3.3.2.Final/jboss-logging-3.3.2.Final.jar:/Users/ritgirdh/.m2/repository/com/fasterxml/classmate/1.3.4/classmate-1.3.4.jar:/Users/ritgirdh/.m2/repository/org/springframework/spring-web/5.0.4.RELEASE/spring-web-5.0.4.RELEASE.jar:/Users/ritgirdh/.m2/repository/org/springframework/spring-beans/5.0.4.RELEASE/spring-beans-5.0.4.RELEASE.jar:/Users/ritgirdh/.m2/repository/org/springframework/spring-webmvc/5.0.4.RELEASE/spring-webmvc-5.0.4.RELEASE.jar:/Users/ritgirdh/.m2/repository/org/springframework/spring-aop/5.0.4.RELEASE/spring-aop-5.0.4.RELEASE.jar:/Users/ritgirdh/.m2/repository/org/springframework/spring-expression/5.0.4.RELEASE/spring-expression-5.0.4.RELEASE.jar:/Users/ritgirdh/.m2/repository/org/springframework/boot/spring-boot-starter-test/2.0.0.RELEASE/spring-boot-starter-test-2.0.0.RELEASE.jar:/Users/ritgirdh/.m2/repository/org/springframework/boot/spring-boot-test/2.0.0.RELEASE/spring-boot-test-2.0.0.RELEASE.jar:/Users/ritgirdh/.m2/repository/org/springframework/boot/spring-boot-test-autoconfigure/2.0.0.RELEASE/spring-boot-test-autoconfigure-2.0.0.RELEASE.jar:/Users/ritgirdh/.m2/repository/com/jayway/jsonpath/json-path/2.4.0/json-path-2.4.0.jar:/Users/ritgirdh/.m2/repository/net/minidev/json-smart/2.3/json-smart-2.3.jar:/Users/ritgirdh/.m2/repository/net/minidev/accessors-smart/1.2/accessors-smart-1.2.jar:/Users/ritgirdh/.m2/repository/org/slf4j/slf4j-api/1.7.25/slf4j-api-1.7.25.jar:/Users/ritgirdh/.m2/repository/junit/junit/4.12/junit-4.12.jar:/Users/ritgirdh/.m2/repository/org/assertj/assertj-core/3.9.1/assertj-core-3.9.1.jar:/Users/ritgirdh/.m2/repository/org/mockito/mockito-core/2.15.0/mockito-core-2.15.0.jar:/Users/ritgirdh/.m2/repository/net/bytebuddy/byte-buddy/1.7.10/byte-buddy-1.7.10.jar:/Users/ritgirdh/.m2/repository/net/bytebuddy/byte-buddy-agent/1.7.10/byte-buddy-agent-1.7.10.jar:/Users/ritgirdh/.m2/repository/org/objenesis/objenesis/2.6/objenesis-2.6.jar:/Users/ritgirdh/.m2/repository/org/hamcrest/hamcrest-core/1.3/hamcrest-core-1.3.jar:/Users/ritgirdh/.m2/repository/org/hamcrest/hamcrest-library/1.3/hamcrest-library-1.3.jar:/Users/ritgirdh/.m2/repository/org/skyscreamer/jsonassert/1.5.0/jsonassert-1.5.0.jar:/Users/ritgirdh/.m2/repository/com/vaadin/external/google/android-json/0.0.20131108.vaadin1/android-json-0.0.20131108.vaadin1.jar:/Users/ritgirdh/.m2/repository/org/springframework/spring-core/5.0.4.RELEASE/spring-core-5.0.4.RELEASE.jar:/Users/ritgirdh/.m2/repository/org/springframework/spring-jcl/5.0.4.RELEASE/spring-jcl-5.0.4.RELEASE.jar:/Users/ritgirdh/.m2/repository/org/springframework/spring-test/5.0.4.RELEASE/spring-test-5.0.4.RELEASE.jar:/Users/ritgirdh/.m2/repository/org/xmlunit/xmlunit-core/2.5.1/xmlunit-core-2.5.1.jar:/Users/ritgirdh/.m2/repository/org/springframework/cloud/spring-cloud-starter-netflix-eureka-client/2.0.0.M8/spring-cloud-starter-netflix-eureka-client-2.0.0.M8.jar:/Users/ritgirdh/.m2/repository/org/springframework/cloud/spring-cloud-netflix-core/2.0.0.M8/spring-cloud-netflix-core-2.0.0.M8.jar:/Users/ritgirdh/.m2/repository/org/springframework/cloud/spring-cloud-netflix-eureka-client/2.0.0.M8/spring-cloud-netflix-eureka-client-2.0.0.M8.jar:/Users/ritgirdh/.m2/repository/com/netflix/eureka/eureka-client/1.8.7/eureka-client-1.8.7.jar:/Users/ritgirdh/.m2/repository/org/codehaus/jettison/jettison/1.3.7/jettison-1.3.7.jar:/Users/ritgirdh/.m2/repository/stax/stax-api/1.0.1/stax-api-1.0.1.jar:/Users/ritgirdh/.m2/repository/com/netflix/netflix-commons/netflix-eventbus/0.3.0/netflix-eventbus-0.3.0.jar:/Users/ritgirdh/.m2/repository/com/netflix/netflix-commons/netflix-infix/0.3.0/netflix-infix-0.3.0.jar:/Users/ritgirdh/.m2/repository/commons-jxpath/commons-jxpath/1.3/commons-jxpath-1.3.jar:/Users/ritgirdh/.m2/repository/joda-time/joda-time/2.9.9/joda-time-2.9.9.jar:/Users/ritgirdh/.m2/repository/org/antlr/antlr-runtime/3.4/antlr-runtime-3.4.jar:/Users/ritgirdh/.m2/repository/org/antlr/stringtemplate/3.2.1/stringtemplate-3.2.1.jar:/Users/ritgirdh/.m2/repository/antlr/antlr/2.7.7/antlr-2.7.7.jar:/Users/ritgirdh/.m2/repository/com/google/code/gson/gson/2.8.2/gson-2.8.2.jar:/Users/ritgirdh/.m2/repository/org/apache/commons/commons-math/2.2/commons-math-2.2.jar:/Users/ritgirdh/.m2/repository/com/netflix/archaius/archaius-core/0.7.5/archaius-core-0.7.5.jar:/Users/ritgirdh/.m2/repository/javax/ws/rs/jsr311-api/1.1.1/jsr311-api-1.1.1.jar:/Users/ritgirdh/.m2/repository/com/netflix/servo/servo-core/0.10.1/servo-core-0.10.1.jar:/Users/ritgirdh/.m2/repository/com/netflix/servo/servo-internal/0.10.1/servo-internal-0.10.1.jar:/Users/ritgirdh/.m2/repository/com/sun/jersey/jersey-core/1.19.1/jersey-core-1.19.1.jar:/Users/ritgirdh/.m2/repository/com/sun/jersey/jersey-client/1.19.1/jersey-client-1.19.1.jar:/Users/ritgirdh/.m2/repository/com/sun/jersey/contribs/jersey-apache-client4/1.19.1/jersey-apache-client4-1.19.1.jar:/Users/ritgirdh/.m2/repository/org/apache/httpcomponents/httpclient/4.5.5/httpclient-4.5.5.jar:/Users/ritgirdh/.m2/repository/org/apache/httpcomponents/httpcore/4.4.9/httpcore-4.4.9.jar:/Users/ritgirdh/.m2/repository/commons-codec/commons-codec/1.11/commons-codec-1.11.jar:/Users/ritgirdh/.m2/repository/com/google/inject/guice/4.1.0/guice-4.1.0.jar:/Users/ritgirdh/.m2/repository/aopalliance/aopalliance/1.0/aopalliance-1.0.jar:/Users/ritgirdh/.m2/repository/com/github/vlsi/compactmap/compactmap/1.2.1/compactmap-1.2.1.jar:/Users/ritgirdh/.m2/repository/com/github/andrewoma/dexx/dexx-collections/0.2/dexx-collections-0.2.jar:/Users/ritgirdh/.m2/repository/com/netflix/eureka/eureka-core/1.8.7/eureka-core-1.8.7.jar:/Users/ritgirdh/.m2/repository/org/codehaus/woodstox/woodstox-core-asl/4.4.1/woodstox-core-asl-4.4.1.jar:/Users/ritgirdh/.m2/repository/javax/xml/stream/stax-api/1.0-2/stax-api-1.0-2.jar:/Users/ritgirdh/.m2/repository/org/codehaus/woodstox/stax2-api/3.1.4/stax2-api-3.1.4.jar:/Users/ritgirdh/.m2/repository/org/springframework/cloud/spring-cloud-starter-netflix-archaius/2.0.0.M8/spring-cloud-starter-netflix-archaius-2.0.0.M8.jar:/Users/ritgirdh/.m2/repository/org/springframework/cloud/spring-cloud-netflix-archaius/2.0.0.M8/spring-cloud-netflix-archaius-2.0.0.M8.jar:/Users/ritgirdh/.m2/repository/commons-configuration/commons-configuration/1.8/commons-configuration-1.8.jar:/Users/ritgirdh/.m2/repository/com/google/guava/guava/18.0/guava-18.0.jar:/Users/ritgirdh/.m2/repository/com/netflix/ribbon/ribbon-eureka/2.2.5/ribbon-eureka-2.2.5.jar:/Users/ritgirdh/.m2/repository/com/thoughtworks/xstream/xstream/1.4.10/xstream-1.4.10.jar:/Users/ritgirdh/.m2/repository/xmlpull/xmlpull/1.1.3.1/xmlpull-1.1.3.1.jar:/Users/ritgirdh/.m2/repository/xpp3/xpp3_min/1.1.4c/xpp3_min-1.1.4c.jar:/Users/ritgirdh/.m2/repository/org/springframework/cloud/spring-cloud-starter-netflix-ribbon/2.0.0.M8/spring-cloud-starter-netflix-ribbon-2.0.0.M8.jar:/Users/ritgirdh/.m2/repository/org/springframework/cloud/spring-cloud-netflix-ribbon/2.0.0.M8/spring-cloud-netflix-ribbon-2.0.0.M8.jar:/Users/ritgirdh/.m2/repository/com/netflix/ribbon/ribbon/2.2.5/ribbon-2.2.5.jar:/Users/ritgirdh/.m2/repository/com/netflix/ribbon/ribbon-transport/2.2.5/ribbon-transport-2.2.5.jar:/Users/ritgirdh/.m2/repository/io/reactivex/rxnetty-contexts/0.4.9/rxnetty-contexts-0.4.9.jar:/Users/ritgirdh/.m2/repository/io/reactivex/rxnetty-servo/0.4.9/rxnetty-servo-0.4.9.jar:/Users/ritgirdh/.m2/repository/javax/inject/javax.inject/1/javax.inject-1.jar:/Users/ritgirdh/.m2/repository/io/reactivex/rxnetty/0.4.9/rxnetty-0.4.9.jar:/Users/ritgirdh/.m2/repository/io/netty/netty-codec-http/4.1.22.Final/netty-codec-http-4.1.22.Final.jar:/Users/ritgirdh/.m2/repository/io/netty/netty-codec/4.1.22.Final/netty-codec-4.1.22.Final.jar:/Users/ritgirdh/.m2/repository/io/netty/netty-transport-native-epoll/4.1.22.Final/netty-transport-native-epoll-4.1.22.Final.jar:/Users/ritgirdh/.m2/repository/io/netty/netty-common/4.1.22.Final/netty-common-4.1.22.Final.jar:/Users/ritgirdh/.m2/repository/io/netty/netty-buffer/4.1.22.Final/netty-buffer-4.1.22.Final.jar:/Users/ritgirdh/.m2/repository/io/netty/netty-transport-native-unix-common/4.1.22.Final/netty-transport-native-unix-common-4.1.22.Final.jar:/Users/ritgirdh/.m2/repository/io/netty/netty-transport/4.1.22.Final/netty-transport-4.1.22.Final.jar:/Users/ritgirdh/.m2/repository/io/netty/netty-resolver/4.1.22.Final/netty-resolver-4.1.22.Final.jar:/Users/ritgirdh/.m2/repository/com/netflix/ribbon/ribbon-core/2.2.5/ribbon-core-2.2.5.jar:/Users/ritgirdh/.m2/repository/commons-lang/commons-lang/2.6/commons-lang-2.6.jar:/Users/ritgirdh/.m2/repository/com/netflix/ribbon/ribbon-httpclient/2.2.5/ribbon-httpclient-2.2.5.jar:/Users/ritgirdh/.m2/repository/commons-collections/commons-collections/3.2.2/commons-collections-3.2.2.jar:/Users/ritgirdh/.m2/repository/com/netflix/netflix-commons/netflix-commons-util/0.1.1/netflix-commons-util-0.1.1.jar:/Users/ritgirdh/.m2/repository/com/netflix/ribbon/ribbon-loadbalancer/2.2.5/ribbon-loadbalancer-2.2.5.jar:/Users/ritgirdh/.m2/repository/com/netflix/netflix-commons/netflix-statistics/0.1.1/netflix-statistics-0.1.1.jar:/Users/ritgirdh/.m2/repository/io/reactivex/rxjava/1.3.6/rxjava-1.3.6.jar:/Users/ritgirdh/.m2/repository/org/springframework/cloud/spring-cloud-starter-netflix-zuul/2.0.0.M8/spring-cloud-starter-netflix-zuul-2.0.0.M8.jar:/Users/ritgirdh/.m2/repository/org/springframework/cloud/spring-cloud-netflix-zuul/2.0.0.M8/spring-cloud-netflix-zuul-2.0.0.M8.jar:/Users/ritgirdh/.m2/repository/com/netflix/zuul/zuul-core/1.3.1/zuul-core-1.3.1.jar:/Users/ritgirdh/.m2/repository/commons-io/commons-io/2.4/commons-io-2.4.jar:/Users/ritgirdh/.m2/repository/org/springframework/cloud/spring-cloud-starter-openfeign/2.0.0.M2/spring-cloud-starter-openfeign-2.0.0.M2.jar:/Users/ritgirdh/.m2/repository/org/springframework/cloud/spring-cloud-openfeign-core/2.0.0.M2/spring-cloud-openfeign-core-2.0.0.M2.jar:/Users/ritgirdh/.m2/repository/org/springframework/cloud/spring-cloud-commons/2.0.0.M9/spring-cloud-commons-2.0.0.M9.jar:/Users/ritgirdh/.m2/repository/org/springframework/security/spring-security-crypto/5.0.3.RELEASE/spring-security-crypto-5.0.3.RELEASE.jar:/Users/ritgirdh/.m2/repository/io/github/openfeign/feign-core/9.5.1/feign-core-9.5.1.jar:/Users/ritgirdh/.m2/repository/io/github/openfeign/feign-slf4j/9.5.1/feign-slf4j-9.5.1.jar:/Users/ritgirdh/.m2/repository/io/github/openfeign/feign-hystrix/9.5.1/feign-hystrix-9.5.1.jar:/Users/ritgirdh/.m2/repository/io/github/openfeign/feign-java8/9.5.1/feign-java8-9.5.1.jar:/Users/ritgirdh/.m2/repository/org/springframework/cloud/spring-cloud-starter-zipkin/2.0.0.M9/spring-cloud-starter-zipkin-2.0.0.M9.jar:/Users/ritgirdh/.m2/repository/org/springframework/cloud/spring-cloud-starter-sleuth/2.0.0.M9/spring-cloud-starter-sleuth-2.0.0.M9.jar:/Users/ritgirdh/.m2/repository/org/springframework/boot/spring-boot-starter-aop/2.0.0.RELEASE/spring-boot-starter-aop-2.0.0.RELEASE.jar:/Users/ritgirdh/.m2/repository/org/aspectj/aspectjweaver/1.8.13/aspectjweaver-1.8.13.jar:/Users/ritgirdh/.m2/repository/org/springframework/cloud/spring-cloud-sleuth-core/2.0.0.M9/spring-cloud-sleuth-core-2.0.0.M9.jar:/Users/ritgirdh/.m2/repository/org/aspectj/aspectjrt/1.8.13/aspectjrt-1.8.13.jar:/Users/ritgirdh/.m2/repository/io/zipkin/brave/brave/4.18.2/brave-4.18.2.jar:/Users/ritgirdh/.m2/repository/io/zipkin/brave/brave-context-log4j2/4.18.2/brave-context-log4j2-4.18.2.jar:/Users/ritgirdh/.m2/repository/io/zipkin/brave/brave-instrumentation-spring-web/4.18.2/brave-instrumentation-spring-web-4.18.2.jar:/Users/ritgirdh/.m2/repository/io/zipkin/brave/brave-instrumentation-http/4.18.2/brave-instrumentation-http-4.18.2.jar:/Users/ritgirdh/.m2/repository/io/zipkin/brave/brave-instrumentation-spring-rabbit/4.18.2/brave-instrumentation-spring-rabbit-4.18.2.jar:/Users/ritgirdh/.m2/repository/io/zipkin/brave/brave-instrumentation-kafka-clients/4.18.2/brave-instrumentation-kafka-clients-4.18.2.jar:/Users/ritgirdh/.m2/repository/io/zipkin/brave/brave-instrumentation-httpclient/4.18.2/brave-instrumentation-httpclient-4.18.2.jar:/Users/ritgirdh/.m2/repository/io/zipkin/brave/brave-instrumentation-httpasyncclient/4.18.2/brave-instrumentation-httpasyncclient-4.18.2.jar:/Users/ritgirdh/.m2/repository/io/zipkin/brave/brave-instrumentation-spring-webmvc/4.18.2/brave-instrumentation-spring-webmvc-4.18.2.jar:/Users/ritgirdh/.m2/repository/io/zipkin/brave/brave-instrumentation-servlet/4.18.2/brave-instrumentation-servlet-4.18.2.jar:/Users/ritgirdh/.m2/repository/org/springframework/cloud/spring-cloud-sleuth-zipkin/2.0.0.M9/spring-cloud-sleuth-zipkin-2.0.0.M9.jar:/Users/ritgirdh/.m2/repository/io/zipkin/zipkin2/zipkin/2.6.1/zipkin-2.6.1.jar:/Users/ritgirdh/.m2/repository/io/zipkin/reporter2/zipkin-reporter/2.5.0/zipkin-reporter-2.5.0.jar:/Users/ritgirdh/.m2/repository/io/zipkin/reporter2/zipkin-sender-kafka11/2.5.0/zipkin-sender-kafka11-2.5.0.jar:/Users/ritgirdh/.m2/repository/io/zipkin/reporter2/zipkin-sender-amqp-client/2.5.0/zipkin-sender-amqp-client-2.5.0.jar:/Users/ritgirdh/.m2/repository/org/projectlombok/lombok/1.16.20/lombok-1.16.20.jar:/Users/ritgirdh/.m2/repository/org/springframework/cloud/spring-cloud-starter-netflix-turbine/2.0.0.M8/spring-cloud-starter-netflix-turbine-2.0.0.M8.jar:/Users/ritgirdh/.m2/repository/org/springframework/cloud/spring-cloud-netflix-turbine/2.0.0.M8/spring-cloud-netflix-turbine-2.0.0.M8.jar:/Users/ritgirdh/.m2/repository/com/netflix/turbine/turbine-core/1.0.0/turbine-core-1.0.0.jar:/Users/ritgirdh/.m2/repository/org/codehaus/jackson/jackson-mapper-asl/1.9.2/jackson-mapper-asl-1.9.2.jar:/Users/ritgirdh/.m2/repository/org/codehaus/jackson/jackson-core-asl/1.9.2/jackson-core-asl-1.9.2.jar:/Users/ritgirdh/.m2/repository/org/springframework/cloud/spring-cloud-starter-netflix-hystrix/2.0.0.M8/spring-cloud-starter-netflix-hystrix-2.0.0.M8.jar:/Users/ritgirdh/.m2/repository/com/netflix/hystrix/hystrix-core/1.5.12/hystrix-core-1.5.12.jar:/Users/ritgirdh/.m2/repository/com/netflix/hystrix/hystrix-serialization/1.5.12/hystrix-serialization-1.5.12.jar:/Users/ritgirdh/.m2/repository/com/fasterxml/jackson/module/jackson-module-afterburner/2.9.3/jackson-module-afterburner-2.9.3.jar:/Users/ritgirdh/.m2/repository/com/netflix/hystrix/hystrix-metrics-event-stream/1.5.12/hystrix-metrics-event-stream-1.5.12.jar:/Users/ritgirdh/.m2/repository/com/netflix/hystrix/hystrix-javanica/1.5.12/hystrix-javanica-1.5.12.jar:/Users/ritgirdh/.m2/repository/org/apache/commons/commons-lang3/3.7/commons-lang3-3.7.jar:/Users/ritgirdh/.m2/repository/org/ow2/asm/asm/5.0.4/asm-5.0.4.jar:/Users/ritgirdh/.m2/repository/io/reactivex/rxjava-reactive-streams/1.2.1/rxjava-reactive-streams-1.2.1.jar:/Users/ritgirdh/.m2/repository/org/reactivestreams/reactive-streams/1.0.2/reactive-streams-1.0.2.jar:"/>
    <property name="sun.cpu.endian" value="little"/>
    <property name="user.home" value="/Users/ritgirdh"/>
    <property name="user.language" value="en"/>
    <property name="java.specification.vendor" value="Oracle Corporation"/>
    <property name="java.home" value="/Users/ritgirdh/.sdkman/candidates/java/8.0.202-amzn/jre"/>
    <property name="basedir" value="/Users/ritgirdh/Desktop/codebase/study/Microservices-SpringCloud/MS1"/>
    <property name="file.separator" value="/"/>
    <property name="line.separator" value="&#10;"/>
    <property name="java.vm.specification.vendor" value="Oracle Corporation"/>
    <property name="java.specification.name" value="Java Platform API Specification"/>
    <property name="java.awt.graphicsenv" value="sun.awt.CGraphicsEnvironment"/>
    <property name="surefire.real.class.path" value="/Users/ritgirdh/Desktop/codebase/study/Microservices-SpringCloud/MS1/target/surefire/surefirebooter8134473131755089042.jar"/>
    <property name="sun.boot.class.path" value="/Users/ritgirdh/.sdkman/candidates/java/8.0.202-amzn/jre/lib/resources.jar:/Users/ritgirdh/.sdkman/candidates/java/8.0.202-amzn/jre/lib/rt.jar:/Users/ritgirdh/.sdkman/candidates/java/8.0.202-amzn/jre/lib/sunrsasign.jar:/Users/ritgirdh/.sdkman/candidates/java/8.0.202-amzn/jre/lib/jsse.jar:/Users/ritgirdh/.sdkman/candidates/java/8.0.202-amzn/jre/lib/jce.jar:/Users/ritgirdh/.sdkman/candidates/java/8.0.202-amzn/jre/lib/charsets.jar:/Users/ritgirdh/.sdkman/candidates/java/8.0.202-amzn/jre/lib/jfr.jar:/Users/ritgirdh/.sdkman/candidates/java/8.0.202-amzn/jre/classes"/>
    <property name="sun.management.compiler" value="HotSpot 64-Bit Tiered Compilers"/>
    <property name="java.runtime.version" value="1.8.0_202-b08"/>
    <property name="user.name" value="ritgirdh"/>
    <property name="path.separator" value=":"/>
    <property name="os.version" value="10.14.6"/>
    <property name="java.endorsed.dirs" value="/Users/ritgirdh/.sdkman/candidates/java/8.0.202-amzn/jre/lib/endorsed"/>
    <property name="java.runtime.name" value="OpenJDK Runtime Environment"/>
    <property name="file.encoding" value="UTF-8"/>
    <property name="java.vm.name" value="OpenJDK 64-Bit Server VM"/>
    <property name="localRepository" value="/Users/ritgirdh/.m2/repository"/>
    <property name="java.vendor.url.bug" value="https://github.com/corretto/corretto-8/issues/"/>
    <property name="java.io.tmpdir" value="/var/folders/1l/5_0gncfd7f7dvp0s5qv04bk46cn81y/T/"/>
    <property name="java.version" value="1.8.0_202"/>
    <property name="user.dir" value="/Users/ritgirdh/Desktop/codebase/study/Microservices-SpringCloud/MS1"/>
    <property name="os.arch" value="x86_64"/>
    <property name="java.vm.specification.name" value="Java Virtual Machine Specification"/>
    <property name="java.awt.printerjob" value="sun.lwawt.macosx.CPrinterJob"/>
    <property name="sun.os.patch.level" value="unknown"/>
    <property name="java.library.path" value="/Users/ritgirdh/Library/Java/Extensions:/Library/Java/Extensions:/Network/Library/Java/Extensions:/System/Library/Java/Extensions:/usr/lib/java:."/>
    <property name="java.vm.info" value="mixed mode"/>
    <property name="java.vendor" value="Amazon.com Inc."/>
    <property name="java.vm.version" value="25.202-b08"/>
    <property name="java.ext.dirs" value="/Users/ritgirdh/Library/Java/Extensions:/Users/ritgirdh/.sdkman/candidates/java/8.0.202-amzn/jre/lib/ext:/Library/Java/Extensions:/Network/Library/Java/Extensions:/System/Library/Java/Extensions:/usr/lib/java"/>
    <property name="sun.io.unicode.encoding" value="UnicodeBig"/>
    <property name="java.class.version" value="52.0"/>
  </properties>
  <testcase name="contextLoads" classname="com.test.MS1.Ms1ApplicationTests" time="0.077"/>
</testsuite>